{"ts":1699539704257,"action":"PROJECT_OPENED","tags":{"PROJECT_NAME":"Gensokyo Radio 3rd Eyes"}}
{"ts":1699539729638,"action":"IDE_DEACTIVATED"}
{"ts":1699539748500,"action":"IDE_ACTIVATED"}
{"ts":1699539751646,"action":"IDE_DEACTIVATED"}
{"ts":1699539763587,"action":"IDE_ACTIVATED"}
{"ts":1699539772606,"action":"IDE_DEACTIVATED"}
{"ts":1699539837904,"action":"IDE_ACTIVATED"}
{"ts":1699539840917,"action":"IDE_DEACTIVATED"}
{"ts":1699539850295,"action":"IDE_ACTIVATED"}
{"ts":1699539857573,"action":"IDE_DEACTIVATED"}
{"ts":1699539869699,"action":"IDE_ACTIVATED"}
{"ts":1699539894285,"action":"IDE_DEACTIVATED"}
{"ts":1699539946259,"action":"IDE_ACTIVATED"}
{"ts":1699539998214,"action":"IDE_DEACTIVATED"}
{"ts":1699539999700,"action":"IDE_ACTIVATED"}
{"ts":1699540000086,"action":"IDE_DEACTIVATED"}
{"ts":1699540024228,"action":"IDE_ACTIVATED"}
{"ts":1699540025479,"action":"IDE_DEACTIVATED"}
{"ts":1699540026878,"action":"IDE_ACTIVATED"}
{"ts":1699540028253,"action":"IDE_DEACTIVATED"}
{"ts":1699540043396,"action":"IDE_ACTIVATED"}
{"ts":1699540055644,"action":"IDE_DEACTIVATED"}
{"ts":1699540092549,"action":"IDE_ACTIVATED"}
{"ts":1699540157080,"action":"FILE_CLOSED","file":"/app/src/main/java/net/hearnsoft/gensokyoradio/trd/ws/GRWebSocketClient.java","tags":{"FILE_LINE_OF_CODE":"47"}}
{"ts":1699540157080,"action":"FILE_OPENED","file":"/app/src/main/java/net/hearnsoft/gensokyoradio/trd/utils/StringNullAdapter.java","tags":{"FILE_LINE_OF_CODE":"30"}}
{"ts":1699540164550,"action":"FILE_CLOSED","file":"/app/src/main/java/net/hearnsoft/gensokyoradio/trd/utils/StringNullAdapter.java","tags":{"FILE_LINE_OF_CODE":"30"}}
{"ts":1699540164550,"action":"FILE_OPENED","file":"/app/src/main/java/net/hearnsoft/gensokyoradio/trd/service/GRStreamPlayerService.java","tags":{"FILE_LINE_OF_CODE":"80"}}
{"ts":1699540165288,"action":"FILE_CLOSED","file":"/app/src/main/java/net/hearnsoft/gensokyoradio/trd/service/GRStreamPlayerService.java","tags":{"FILE_LINE_OF_CODE":"80"}}
{"ts":1699540165288,"action":"FILE_OPENED","file":"/app/src/main/java/net/hearnsoft/gensokyoradio/trd/service/WebSocketService.java","tags":{"FILE_LINE_OF_CODE":"319"}}
{"ts":1699540189997,"action":"FILE_CLOSED","file":"/app/src/main/java/net/hearnsoft/gensokyoradio/trd/service/WebSocketService.java","tags":{"FILE_LINE_OF_CODE":"319"}}
{"ts":1699540189997,"action":"FILE_OPENED","file":"/app/src/main/java/net/hearnsoft/gensokyoradio/trd/service/WsServiceInterface.java","tags":{"FILE_LINE_OF_CODE":"8"}}
{"ts":1699540199359,"action":"FILE_CLOSED","file":"/app/src/main/java/net/hearnsoft/gensokyoradio/trd/service/WsServiceInterface.java","tags":{"FILE_LINE_OF_CODE":"8"}}
{"ts":1699540199359,"action":"FILE_OPENED","file":"/app/src/main/java/net/hearnsoft/gensokyoradio/trd/MainActivity.java","tags":{"FILE_LINE_OF_CODE":"310"}}
{"ts":1699540318735,"action":"FILE_CLOSED","file":"/app/src/main/java/net/hearnsoft/gensokyoradio/trd/MainActivity.java","tags":{"FILE_LINE_OF_CODE":"310"}}
{"ts":1699540318735,"action":"FILE_OPENED","file":"/app/src/main/java/net/hearnsoft/gensokyoradio/trd/service/GRStreamPlayerService.java","tags":{"FILE_LINE_OF_CODE":"80"}}
{"ts":1699540326453,"action":"FILE_CLOSED","file":"/app/src/main/java/net/hearnsoft/gensokyoradio/trd/service/GRStreamPlayerService.java","tags":{"FILE_LINE_OF_CODE":"80"}}
{"ts":1699540326453,"action":"FILE_OPENED","file":"/app/src/main/java/net/hearnsoft/gensokyoradio/trd/beans/NowPlayingBean.java","tags":{"FILE_LINE_OF_CODE":"95"}}
{"ts":1699540329739,"action":"FILE_CLOSED","file":"/app/src/main/java/net/hearnsoft/gensokyoradio/trd/beans/NowPlayingBean.java","tags":{"FILE_LINE_OF_CODE":"95"}}
{"ts":1699540329739,"action":"FILE_OPENED","file":"/app/src/main/java/net/hearnsoft/gensokyoradio/trd/beans/SongDataBean.java","tags":{"FILE_LINE_OF_CODE":"55"}}
{"ts":1699540338940,"action":"IDE_DEACTIVATED"}
{"ts":1699540362620,"action":"IDE_ACTIVATED"}
{"ts":1699540363843,"action":"FILE_CLOSED","file":"/app/src/main/java/net/hearnsoft/gensokyoradio/trd/beans/SongDataBean.java","tags":{"FILE_LINE_OF_CODE":"55"}}
{"ts":1699540363843,"action":"FILE_OPENED","file":"/app/src/main/java/net/hearnsoft/gensokyoradio/trd/beans/NowPlayingBean.java","tags":{"FILE_LINE_OF_CODE":"95"}}
{"ts":1699540371441,"action":"IDE_DEACTIVATED"}
{"ts":1699540376800,"action":"IDE_ACTIVATED"}
{"ts":1699540378104,"action":"FILE_CLOSED","file":"/app/src/main/java/net/hearnsoft/gensokyoradio/trd/beans/NowPlayingBean.java","tags":{"FILE_LINE_OF_CODE":"95"}}
{"ts":1699540378104,"action":"FILE_OPENED","file":"/app/src/main/java/net/hearnsoft/gensokyoradio/trd/service/GRStreamPlayerService.java","tags":{"FILE_LINE_OF_CODE":"80"}}
{"ts":1699540379086,"action":"FILE_CLOSED","file":"/app/src/main/java/net/hearnsoft/gensokyoradio/trd/service/GRStreamPlayerService.java","tags":{"FILE_LINE_OF_CODE":"80"}}
{"ts":1699540379086,"action":"FILE_OPENED","file":"/app/src/main/java/net/hearnsoft/gensokyoradio/trd/service/WebSocketService.java","tags":{"FILE_LINE_OF_CODE":"319"}}
{"ts":1699540393508,"action":"FILE_CLOSED","file":"/app/src/main/java/net/hearnsoft/gensokyoradio/trd/service/WebSocketService.java","tags":{"FILE_LINE_OF_CODE":"319"}}
{"ts":1699540393508,"action":"FILE_OPENED","file":"/app/src/main/java/net/hearnsoft/gensokyoradio/trd/utils/Constants.java","tags":{"FILE_LINE_OF_CODE":"16"}}
{"ts":1699540401421,"action":"FILE_CLOSED","file":"/app/src/main/java/net/hearnsoft/gensokyoradio/trd/utils/Constants.java","tags":{"FILE_LINE_OF_CODE":"16"}}
{"ts":1699540401421,"action":"FILE_OPENED","file":"/app/src/main/java/net/hearnsoft/gensokyoradio/trd/service/WebSocketService.java","tags":{"FILE_LINE_OF_CODE":"319"}}
{"ts":1699540444291,"action":"FILE_CLOSED","file":"/app/src/main/java/net/hearnsoft/gensokyoradio/trd/service/WebSocketService.java","tags":{"FILE_LINE_OF_CODE":"319"}}
{"ts":1699540444291,"action":"FILE_OPENED","file":"/app/src/main/java/net/hearnsoft/gensokyoradio/trd/ws/GRWebSocketClient.java","tags":{"FILE_LINE_OF_CODE":"47"}}
{"ts":1699540448967,"action":"IDE_DEACTIVATED"}
{"ts":1699540455789,"action":"IDE_ACTIVATED"}
{"ts":1699540534329,"action":"FILE_CLOSED","file":"/app/src/main/java/net/hearnsoft/gensokyoradio/trd/ws/GRWebSocketClient.java","tags":{"FILE_LINE_OF_CODE":"48"}}
{"ts":1699540534329,"action":"FILE_OPENED","file":"/app/src/main/java/net/hearnsoft/gensokyoradio/trd/service/WebSocketService.java","tags":{"FILE_LINE_OF_CODE":"319"}}
{"ts":1699540559911,"action":"FILE_CLOSED","file":"/app/src/main/java/net/hearnsoft/gensokyoradio/trd/service/WebSocketService.java","tags":{"FILE_LINE_OF_CODE":"319"}}
{"ts":1699540559911,"action":"FILE_OPENED","file":"/app/src/main/java/net/hearnsoft/gensokyoradio/trd/utils/Constants.java","tags":{"FILE_LINE_OF_CODE":"16"}}
{"ts":1699540561041,"action":"IDE_DEACTIVATED"}
{"ts":1699540577477,"action":"IDE_ACTIVATED"}
{"ts":1699540579027,"action":"FILE_CLOSED","file":"/app/src/main/java/net/hearnsoft/gensokyoradio/trd/utils/Constants.java","tags":{"FILE_LINE_OF_CODE":"16"}}
{"ts":1699540579027,"action":"FILE_OPENED","file":"/app/src/main/java/net/hearnsoft/gensokyoradio/trd/service/WebSocketService.java","tags":{"FILE_LINE_OF_CODE":"319"}}
{"ts":1699540691114,"action":"IDE_DEACTIVATED"}
{"ts":1699540734477,"action":"IDE_ACTIVATED"}
{"ts":1699540811520,"action":"IDE_DEACTIVATED"}
{"ts":1699540827840,"action":"IDE_ACTIVATED"}
{"ts":1699540872279,"action":"IDE_DEACTIVATED"}
{"ts":1699540890590,"action":"IDE_ACTIVATED"}
{"ts":1699540910882,"action":"FILE_CLOSED","file":"/app/src/main/java/net/hearnsoft/gensokyoradio/trd/service/WebSocketService.java","tags":{"FILE_LINE_OF_CODE":"323"}}
{"ts":1699540910882,"action":"FILE_OPENED","file":"/app/src/main/java/net/hearnsoft/gensokyoradio/trd/ws/GRWebSocketClient.java","tags":{"FILE_LINE_OF_CODE":"48"}}
{"ts":1699540919496,"action":"FILE_CLOSED","file":"/app/src/main/java/net/hearnsoft/gensokyoradio/trd/ws/GRWebSocketClient.java","tags":{"FILE_LINE_OF_CODE":"48"}}
{"ts":1699540919496,"action":"FILE_OPENED","file":"/app/src/main/java/net/hearnsoft/gensokyoradio/trd/utils/Constants.java","tags":{"FILE_LINE_OF_CODE":"16"}}
{"ts":1699540920816,"action":"FILE_CLOSED","file":"/app/src/main/java/net/hearnsoft/gensokyoradio/trd/utils/Constants.java","tags":{"FILE_LINE_OF_CODE":"16"}}
{"ts":1699540920816,"action":"FILE_OPENED","file":"/app/src/main/java/net/hearnsoft/gensokyoradio/trd/service/WebSocketService.java","tags":{"FILE_LINE_OF_CODE":"323"}}
{"ts":1699540930752,"action":"IDE_DEACTIVATED"}
{"ts":1699540931529,"action":"IDE_ACTIVATED"}
{"ts":1699540931580,"action":"IDE_DEACTIVATED"}
{"ts":1699540932910,"action":"IDE_ACTIVATED"}
{"ts":1699540934676,"action":"IDE_DEACTIVATED"}
{"ts":1699540935735,"action":"IDE_ACTIVATED"}
{"ts":1699540940793,"action":"IDE_DEACTIVATED"}
{"ts":1699540941543,"action":"IDE_ACTIVATED"}
{"ts":1699540942320,"action":"IDE_DEACTIVATED"}
{"ts":1699540946403,"action":"IDE_ACTIVATED"}
{"ts":1699540976662,"action":"IDE_DEACTIVATED"}
{"ts":1699540977420,"action":"IDE_ACTIVATED"}
{"ts":1699540978322,"action":"IDE_DEACTIVATED"}
{"ts":1699540981078,"action":"IDE_ACTIVATED"}
{"ts":1699540988565,"action":"FILE_CLOSED","file":"/app/src/main/java/net/hearnsoft/gensokyoradio/trd/service/WebSocketService.java","tags":{"FILE_LINE_OF_CODE":"323"}}
{"ts":1699540988565,"action":"FILE_OPENED","file":"/app/src/main/java/net/hearnsoft/gensokyoradio/trd/ws/GRWebSocketClient.java","tags":{"FILE_LINE_OF_CODE":"48"}}
{"ts":1699541000779,"action":"IDE_DEACTIVATED"}
{"ts":1699541001425,"action":"IDE_ACTIVATED"}
{"ts":1699541042354,"action":"FILE_CLOSED","file":"/app/src/main/java/net/hearnsoft/gensokyoradio/trd/ws/GRWebSocketClient.java","tags":{"FILE_LINE_OF_CODE":"48"}}
{"ts":1699541042354,"action":"FILE_OPENED","file":"/app/src/main/java/net/hearnsoft/gensokyoradio/trd/utils/Constants.java","tags":{"FILE_LINE_OF_CODE":"16"}}
{"ts":1699541043646,"action":"FILE_CLOSED","file":"/app/src/main/java/net/hearnsoft/gensokyoradio/trd/utils/Constants.java","tags":{"FILE_LINE_OF_CODE":"16"}}
{"ts":1699541043646,"action":"FILE_OPENED","file":"/app/src/main/java/net/hearnsoft/gensokyoradio/trd/service/WebSocketService.java","tags":{"FILE_LINE_OF_CODE":"323"}}
{"ts":1699541116549,"action":"FILE_CLOSED","file":"/app/src/main/java/net/hearnsoft/gensokyoradio/trd/service/WebSocketService.java","tags":{"FILE_LINE_OF_CODE":"331"}}
{"ts":1699541116549,"action":"FILE_OPENED","file":"/app/src/main/java/net/hearnsoft/gensokyoradio/trd/utils/Constants.java","tags":{"FILE_LINE_OF_CODE":"16"}}
{"ts":1699541117409,"action":"FILE_CLOSED","file":"/app/src/main/java/net/hearnsoft/gensokyoradio/trd/utils/Constants.java","tags":{"FILE_LINE_OF_CODE":"16"}}
{"ts":1699541117409,"action":"FILE_OPENED","file":"/app/src/main/java/net/hearnsoft/gensokyoradio/trd/service/WebSocketService.java","tags":{"FILE_LINE_OF_CODE":"331"}}
{"ts":1699541121924,"action":"IDE_DEACTIVATED"}
{"ts":1699541194939,"action":"IDE_ACTIVATED"}
{"ts":1699541200274,"action":"IDE_DEACTIVATED"}
{"ts":1699541277000,"action":"IDE_ACTIVATED"}
{"ts":1699541292579,"action":"IDE_DEACTIVATED"}
{"ts":1699541295236,"action":"IDE_ACTIVATED"}
{"ts":1699541297091,"action":"IDE_DEACTIVATED"}
{"ts":1699541297947,"action":"IDE_ACTIVATED"}
{"ts":1699541298529,"action":"IDE_DEACTIVATED"}
{"ts":1699541303825,"action":"IDE_ACTIVATED"}
{"ts":1699541387091,"action":"IDE_DEACTIVATED"}
{"ts":1699541392297,"action":"IDE_ACTIVATED"}
{"ts":1699541393878,"action":"IDE_DEACTIVATED"}
{"ts":1699541405329,"action":"IDE_ACTIVATED"}
{"ts":1699541410483,"action":"IDE_DEACTIVATED"}
{"ts":1699541442569,"action":"IDE_ACTIVATED"}
{"ts":1699541497403,"action":"IDE_DEACTIVATED"}
{"ts":1699541499828,"action":"IDE_ACTIVATED"}
{"ts":1699541522054,"action":"IDE_DEACTIVATED"}
{"ts":1699541522753,"action":"IDE_ACTIVATED"}
{"ts":1699541526956,"action":"IDE_DEACTIVATED"}
{"ts":1699541527662,"action":"IDE_ACTIVATED"}
{"ts":1699541532302,"action":"IDE_DEACTIVATED"}
{"ts":1699541533763,"action":"IDE_ACTIVATED"}
{"ts":1699541539804,"action":"IDE_DEACTIVATED"}
{"ts":1699541587774,"action":"IDE_ACTIVATED"}
{"ts":1699541600123,"action":"IDE_DEACTIVATED"}
{"ts":1699541601614,"action":"IDE_ACTIVATED"}
{"ts":1699541607117,"action":"IDE_DEACTIVATED"}
{"ts":1699541608489,"action":"IDE_ACTIVATED"}
{"ts":1699541609086,"action":"IDE_DEACTIVATED"}
{"ts":1699541621030,"action":"IDE_ACTIVATED"}
{"ts":1699541647702,"action":"IDE_DEACTIVATED"}
{"ts":1699541667076,"action":"IDE_ACTIVATED"}
{"ts":1699541730176,"action":"IDE_DEACTIVATED"}
{"ts":1699541777625,"action":"IDE_ACTIVATED"}
{"ts":1699541792074,"action":"FILE_CLOSED","file":"/app/src/main/java/net/hearnsoft/gensokyoradio/trd/service/WebSocketService.java","tags":{"FILE_LINE_OF_CODE":"343"}}
{"ts":1699541792074,"action":"FILE_OPENED","file":"/app/src/main/java/net/hearnsoft/gensokyoradio/trd/beans/SocketMessageBean.java","tags":{"FILE_LINE_OF_CODE":"3"}}
{"ts":1699541802142,"action":"IDE_DEACTIVATED"}
{"ts":1699541803665,"action":"IDE_ACTIVATED"}
{"ts":1699541807951,"action":"IDE_DEACTIVATED"}
{"ts":1699541840518,"action":"IDE_ACTIVATED"}
{"ts":1699541857150,"action":"FILE_CLOSED","file":"/app/src/main/java/net/hearnsoft/gensokyoradio/trd/beans/SocketMessageBean.java","tags":{"FILE_LINE_OF_CODE":"14"}}
{"ts":1699541857150,"action":"FILE_OPENED","file":"/app/src/main/java/net/hearnsoft/gensokyoradio/trd/service/WebSocketService.java","tags":{"FILE_LINE_OF_CODE":"343"}}
{"ts":1699541863705,"action":"IDE_DEACTIVATED"}
{"ts":1699541874856,"action":"IDE_ACTIVATED"}
{"ts":1699541962359,"action":"IDE_DEACTIVATED"}
{"ts":1699541976197,"action":"IDE_ACTIVATED"}
{"ts":1699541981376,"action":"FILE_CLOSED","file":"/app/src/main/java/net/hearnsoft/gensokyoradio/trd/service/WebSocketService.java","tags":{"FILE_LINE_OF_CODE":"356"}}
{"ts":1699541981376,"action":"FILE_OPENED","file":"/app/src/main/java/net/hearnsoft/gensokyoradio/trd/beans/SongDataBean.java","tags":{"FILE_LINE_OF_CODE":"55"}}
{"ts":1699541983186,"action":"IDE_DEACTIVATED"}
{"ts":1699542004819,"action":"IDE_ACTIVATED"}
{"ts":1699542009963,"action":"FILE_CLOSED","file":"/app/src/main/java/net/hearnsoft/gensokyoradio/trd/beans/SongDataBean.java","tags":{"FILE_LINE_OF_CODE":"55"}}
{"ts":1699542009963,"action":"FILE_OPENED","file":"/app/src/main/java/net/hearnsoft/gensokyoradio/trd/beans/SocketMessageBean.java","tags":{"FILE_LINE_OF_CODE":"14"}}
{"ts":1699542030208,"action":"IDE_DEACTIVATED"}
{"ts":1699542031682,"action":"IDE_ACTIVATED"}
{"ts":1699542034061,"action":"IDE_DEACTIVATED"}
{"ts":1699542048142,"action":"IDE_ACTIVATED"}
{"ts":1699542052954,"action":"FILE_CLOSED","file":"/app/src/main/java/net/hearnsoft/gensokyoradio/trd/beans/SocketMessageBean.java","tags":{"FILE_LINE_OF_CODE":"23"}}
{"ts":1699542052954,"action":"FILE_OPENED","file":"/app/src/main/java/net/hearnsoft/gensokyoradio/trd/MainActivity.java","tags":{"FILE_LINE_OF_CODE":"310"}}
{"ts":1699542053784,"action":"FILE_CLOSED","file":"/app/src/main/java/net/hearnsoft/gensokyoradio/trd/MainActivity.java","tags":{"FILE_LINE_OF_CODE":"310"}}
{"ts":1699542053784,"action":"FILE_OPENED","file":"/app/src/main/java/net/hearnsoft/gensokyoradio/trd/service/WebSocketService.java","tags":{"FILE_LINE_OF_CODE":"356"}}
{"ts":1699542170598,"action":"FILE_CLOSED","file":"/app/src/main/java/net/hearnsoft/gensokyoradio/trd/service/WebSocketService.java","tags":{"FILE_LINE_OF_CODE":"356"}}
{"ts":1699542170598,"action":"FILE_OPENED","file":"/app/src/main/java/net/hearnsoft/gensokyoradio/trd/SocketClientBeans.java","tags":{"FILE_LINE_OF_CODE":"3"}}
{"ts":1699542191600,"action":"IDE_DEACTIVATED"}
{"ts":1699542197060,"action":"IDE_ACTIVATED"}
{"ts":1699542206428,"action":"FILE_CLOSED","file":"/app/src/main/java/net/hearnsoft/gensokyoradio/trd/SocketClientBeans.java","tags":{"FILE_LINE_OF_CODE":"23"}}
{"ts":1699542206428,"action":"FILE_OPENED","file":"/app/src/main/java/net/hearnsoft/gensokyoradio/trd/service/WebSocketService.java","tags":{"FILE_LINE_OF_CODE":"356"}}
{"ts":1699542207197,"action":"FILE_CLOSED","file":"/app/src/main/java/net/hearnsoft/gensokyoradio/trd/service/WebSocketService.java","tags":{"FILE_LINE_OF_CODE":"356"}}
{"ts":1699542207197,"action":"FILE_OPENED","file":"/app/src/main/java/net/hearnsoft/gensokyoradio/trd/SocketClientBeans.java","tags":{"FILE_LINE_OF_CODE":"23"}}
{"ts":1699542209844,"action":"FILE_CLOSED","file":"/app/src/main/java/net/hearnsoft/gensokyoradio/trd/SocketClientBeans.java","tags":{"FILE_LINE_OF_CODE":"23"}}
{"ts":1699542209844,"action":"FILE_OPENED","file":"/app/src/main/java/net/hearnsoft/gensokyoradio/trd/service/WebSocketService.java","tags":{"FILE_LINE_OF_CODE":"356"}}
{"ts":1699542257840,"action":"IDE_DEACTIVATED"}
{"ts":1699542258547,"action":"IDE_ACTIVATED"}
{"ts":1699542267406,"action":"FILE_CLOSED","file":"/app/src/main/java/net/hearnsoft/gensokyoradio/trd/service/WebSocketService.java","tags":{"FILE_LINE_OF_CODE":"357"}}
{"ts":1699542267406,"action":"FILE_OPENED","file":"/app/src/main/java/net/hearnsoft/gensokyoradio/trd/ws/GRWebSocketClient.java","tags":{"FILE_LINE_OF_CODE":"48"}}
{"ts":1699542271592,"action":"FILE_CLOSED","file":"/app/src/main/java/net/hearnsoft/gensokyoradio/trd/ws/GRWebSocketClient.java","tags":{"FILE_LINE_OF_CODE":"48"}}
{"ts":1699542271592,"action":"FILE_OPENED","file":"/app/src/main/java/net/hearnsoft/gensokyoradio/trd/MainActivity.java","tags":{"FILE_LINE_OF_CODE":"310"}}
{"ts":1699542288189,"action":"FILE_CLOSED","file":"/app/src/main/java/net/hearnsoft/gensokyoradio/trd/MainActivity.java","tags":{"FILE_LINE_OF_CODE":"310"}}
{"ts":1699542288189,"action":"FILE_OPENED","file":"/app/src/main/java/net/hearnsoft/gensokyoradio/trd/service/WebSocketService.java","tags":{"FILE_LINE_OF_CODE":"357"}}
{"ts":1699542344172,"action":"FILE_CLOSED","file":"/app/src/main/java/net/hearnsoft/gensokyoradio/trd/service/WebSocketService.java","tags":{"FILE_LINE_OF_CODE":"366"}}
{"ts":1699542344172,"action":"FILE_OPENED","file":"/app/src/main/java/net/hearnsoft/gensokyoradio/trd/MainActivity.java","tags":{"FILE_LINE_OF_CODE":"310"}}
{"ts":1699542346978,"action":"FILE_CLOSED","file":"/app/src/main/java/net/hearnsoft/gensokyoradio/trd/MainActivity.java","tags":{"FILE_LINE_OF_CODE":"310"}}
{"ts":1699542346978,"action":"FILE_OPENED","file":"/app/src/main/java/net/hearnsoft/gensokyoradio/trd/service/WebSocketService.java","tags":{"FILE_LINE_OF_CODE":"366"}}
{"ts":1699542352979,"action":"FILE_CLOSED","file":"/app/src/main/java/net/hearnsoft/gensokyoradio/trd/service/WebSocketService.java","tags":{"FILE_LINE_OF_CODE":"366"}}
{"ts":1699542352979,"action":"FILE_OPENED","file":"/app/src/main/java/net/hearnsoft/gensokyoradio/trd/MainActivity.java","tags":{"FILE_LINE_OF_CODE":"310"}}
{"ts":1699542355855,"action":"FILE_CLOSED","file":"/app/src/main/java/net/hearnsoft/gensokyoradio/trd/MainActivity.java","tags":{"FILE_LINE_OF_CODE":"310"}}
{"ts":1699542355855,"action":"FILE_OPENED","file":"/app/src/main/java/net/hearnsoft/gensokyoradio/trd/service/WebSocketService.java","tags":{"FILE_LINE_OF_CODE":"366"}}
{"ts":1699542417583,"action":"IDE_DEACTIVATED"}
{"ts":1699542418278,"action":"IDE_ACTIVATED"}
{"ts":1699542455000,"action":"IDE_DEACTIVATED"}
{"ts":1699542455677,"action":"IDE_ACTIVATED"}
{"ts":1699542479983,"action":"IDE_DEACTIVATED"}
{"ts":1699542486197,"action":"IDE_ACTIVATED"}
{"ts":1699542534815,"action":"IDE_DEACTIVATED"}
{"ts":1699542535515,"action":"IDE_ACTIVATED"}
{"ts":1699542546481,"action":"IDE_DEACTIVATED"}
{"ts":1699542547213,"action":"IDE_ACTIVATED"}
{"ts":1699542550006,"action":"IDE_DEACTIVATED"}
{"ts":1699542658429,"action":"IDE_ACTIVATED"}
{"ts":1699542660163,"action":"IDE_DEACTIVATED"}
{"ts":1699542660865,"action":"IDE_ACTIVATED"}
{"ts":1699542716338,"action":"IDE_DEACTIVATED"}
{"ts":1699542723395,"action":"IDE_ACTIVATED"}
{"ts":1699542756450,"action":"IDE_DEACTIVATED"}
{"ts":1699542943482,"action":"IDE_ACTIVATED"}
{"ts":1699542947251,"action":"IDE_DEACTIVATED"}
{"ts":1699542947930,"action":"IDE_ACTIVATED"}
{"ts":1699542959426,"action":"IDE_DEACTIVATED"}
{"ts":1699542964233,"action":"IDE_ACTIVATED"}
{"ts":1699542965186,"action":"IDE_DEACTIVATED"}
{"ts":1699542985905,"action":"IDE_ACTIVATED"}
{"ts":1699542993791,"action":"IDE_DEACTIVATED"}
{"ts":1699543001471,"action":"IDE_ACTIVATED"}
{"ts":1699543086483,"action":"IDE_DEACTIVATED"}
{"ts":1699543097382,"action":"IDE_ACTIVATED"}
{"ts":1699543097898,"action":"IDE_DEACTIVATED"}
{"ts":1699543102933,"action":"IDE_ACTIVATED"}
{"ts":1699543133502,"action":"IDE_DEACTIVATED"}
{"ts":1699543134165,"action":"IDE_ACTIVATED"}
{"ts":1699543168558,"action":"IDE_DEACTIVATED"}
{"ts":1699543183503,"action":"IDE_ACTIVATED"}
{"ts":1699543209163,"action":"IDE_DEACTIVATED"}
{"ts":1699543209855,"action":"IDE_ACTIVATED"}
{"ts":1699543226063,"action":"IDE_DEACTIVATED"}
{"ts":1699543226765,"action":"IDE_ACTIVATED"}
{"ts":1699543229691,"action":"IDE_DEACTIVATED"}
{"ts":1699543280831,"action":"IDE_ACTIVATED"}
{"ts":1699543312010,"action":"IDE_DEACTIVATED"}
{"ts":1699543322201,"action":"IDE_ACTIVATED"}
{"ts":1699543333425,"action":"IDE_DEACTIVATED"}
{"ts":1699543334049,"action":"IDE_ACTIVATED"}
{"ts":1699543334802,"action":"IDE_DEACTIVATED"}
{"ts":1699543347896,"action":"IDE_ACTIVATED"}
{"ts":1699543351675,"action":"IDE_DEACTIVATED"}
{"ts":1699543352907,"action":"IDE_ACTIVATED"}
{"ts":1699543375491,"action":"IDE_DEACTIVATED"}
{"ts":1699543376456,"action":"IDE_ACTIVATED"}
{"ts":1699543381464,"action":"IDE_DEACTIVATED"}
{"ts":1699543382148,"action":"IDE_ACTIVATED"}
{"ts":1699543384575,"action":"IDE_DEACTIVATED"}
{"ts":1699543391410,"action":"IDE_ACTIVATED"}
{"ts":1699543393069,"action":"IDE_DEACTIVATED"}
{"ts":1699543397908,"action":"IDE_ACTIVATED"}
{"ts":1699543399764,"action":"IDE_DEACTIVATED"}
{"ts":1699543400890,"action":"IDE_ACTIVATED"}
{"ts":1699543410589,"action":"IDE_DEACTIVATED"}
{"ts":1699543520528,"action":"IDE_ACTIVATED"}
{"ts":1699543522994,"action":"IDE_DEACTIVATED"}
{"ts":1699543528427,"action":"IDE_ACTIVATED"}
{"ts":1699543529501,"action":"IDE_DEACTIVATED"}
{"ts":1699543532900,"action":"IDE_ACTIVATED"}
{"ts":1699543540746,"action":"IDE_DEACTIVATED"}
{"ts":1699543542521,"action":"IDE_ACTIVATED"}
{"ts":1699543543590,"action":"FILE_CLOSED","file":"/app/src/main/java/net/hearnsoft/gensokyoradio/trd/service/WebSocketService.java","tags":{"FILE_LINE_OF_CODE":"366"}}
{"ts":1699543543590,"action":"FILE_OPENED","file":"/app/src/main/java/net/hearnsoft/gensokyoradio/trd/widgets/VisualizerView.java","tags":{"FILE_LINE_OF_CODE":"260"}}
{"ts":1699543588547,"action":"IDE_DEACTIVATED"}
{"ts":1699543589393,"action":"IDE_ACTIVATED"}
{"ts":1699543590449,"action":"IDE_DEACTIVATED"}
{"ts":1699543614822,"action":"IDE_ACTIVATED"}
{"ts":1699543619382,"action":"FILE_CLOSED","file":"/app/src/main/java/net/hearnsoft/gensokyoradio/trd/widgets/VisualizerView.java","tags":{"FILE_LINE_OF_CODE":"260"}}
{"ts":1699543619382,"action":"FILE_OPENED","file":"/app/src/main/res/layout/activity_main.xml","tags":{"FILE_LINE_OF_CODE":"155"}}
{"ts":1699543623171,"action":"IDE_DEACTIVATED"}
{"ts":1699543623827,"action":"IDE_ACTIVATED"}
{"ts":1699543625441,"action":"IDE_DEACTIVATED"}
{"ts":1699543626906,"action":"IDE_ACTIVATED"}
{"ts":1699543643027,"action":"FILE_CLOSED","file":"/app/src/main/res/layout/activity_main.xml","tags":{"FILE_LINE_OF_CODE":"163"}}
{"ts":1699543643027,"action":"FILE_OPENED","file":"/app/src/main/java/net/hearnsoft/gensokyoradio/trd/widgets/VisualizerView.java","tags":{"FILE_LINE_OF_CODE":"260"}}
{"ts":1699543648199,"action":"FILE_CLOSED","file":"/app/src/main/java/net/hearnsoft/gensokyoradio/trd/widgets/VisualizerView.java","tags":{"FILE_LINE_OF_CODE":"260"}}
{"ts":1699543648199,"action":"FILE_OPENED","file":"/app/src/main/res/layout/activity_main.xml","tags":{"FILE_LINE_OF_CODE":"163"}}
{"ts":1699543706068,"action":"IDE_DEACTIVATED"}
{"ts":1699543707027,"action":"IDE_ACTIVATED"}
{"ts":1699543707550,"action":"IDE_DEACTIVATED"}
{"ts":1699543710714,"action":"IDE_ACTIVATED"}
{"ts":1699543726486,"action":"IDE_DEACTIVATED"}
{"ts":1699543727581,"action":"IDE_ACTIVATED"}
{"ts":1699543729071,"action":"IDE_DEACTIVATED"}
{"ts":1699543729811,"action":"IDE_ACTIVATED"}
{"ts":1699543746102,"action":"IDE_DEACTIVATED"}
{"ts":1699543757294,"action":"IDE_ACTIVATED"}
{"ts":1699543761349,"action":"FILE_CLOSED","file":"/app/src/main/res/layout/activity_main.xml","tags":{"FILE_LINE_OF_CODE":"170"}}
{"ts":1699543761349,"action":"FILE_OPENED","file":"/app/src/main/java/net/hearnsoft/gensokyoradio/trd/MainActivity.java","tags":{"FILE_LINE_OF_CODE":"310"}}
{"ts":1699543762645,"action":"IDE_DEACTIVATED"}
{"ts":1699543822680,"action":"IDE_ACTIVATED"}
{"ts":1699543825810,"action":"IDE_DEACTIVATED"}
{"ts":1699543833982,"action":"IDE_ACTIVATED"}
{"ts":1699543835882,"action":"FILE_CLOSED","file":"/app/src/main/java/net/hearnsoft/gensokyoradio/trd/MainActivity.java","tags":{"FILE_LINE_OF_CODE":"310"}}
{"ts":1699543835882,"action":"FILE_OPENED","file":"/app/src/main/java/net/hearnsoft/gensokyoradio/trd/widgets/VisualizerView.java","tags":{"FILE_LINE_OF_CODE":"260"}}
{"ts":1699543857211,"action":"IDE_DEACTIVATED"}
{"ts":1699543885667,"action":"IDE_ACTIVATED"}
{"ts":1699543887499,"action":"FILE_CLOSED","file":"/app/src/main/java/net/hearnsoft/gensokyoradio/trd/widgets/VisualizerView.java","tags":{"FILE_LINE_OF_CODE":"260"}}
{"ts":1699543887499,"action":"FILE_OPENED","file":"/app/src/main/java/net/hearnsoft/gensokyoradio/trd/MainActivity.java","tags":{"FILE_LINE_OF_CODE":"310"}}
{"ts":1699543938327,"action":"IDE_DEACTIVATED"}
{"ts":1699543942720,"action":"IDE_ACTIVATED"}
{"ts":1699543950014,"action":"FILE_CLOSED","file":"/app/src/main/java/net/hearnsoft/gensokyoradio/trd/MainActivity.java","tags":{"FILE_LINE_OF_CODE":"310"}}
{"ts":1699543951847,"action":"FILE_OPENED","file":"/app/src/main/java/net/hearnsoft/gensokyoradio/trd/MainActivity.java","tags":{"FILE_LINE_OF_CODE":"310"}}
{"ts":1699544062193,"action":"IDE_DEACTIVATED"}
{"ts":1699544063394,"action":"IDE_ACTIVATED"}
{"ts":1699544063657,"action":"IDE_DEACTIVATED"}
{"ts":1699544065686,"action":"IDE_ACTIVATED"}
{"ts":1699544082889,"action":"IDE_DEACTIVATED"}
{"ts":1699544087774,"action":"IDE_ACTIVATED"}
{"ts":1699544091865,"action":"FILE_CLOSED","file":"/app/src/main/java/net/hearnsoft/gensokyoradio/trd/MainActivity.java","tags":{"FILE_LINE_OF_CODE":"323"}}
{"ts":1699544091865,"action":"FILE_OPENED","file":"/app/src/main/AndroidManifest.xml","tags":{"FILE_LINE_OF_CODE":"39"}}
{"ts":1699544112964,"action":"IDE_DEACTIVATED"}
{"ts":1699544123591,"action":"IDE_ACTIVATED"}
{"ts":1699544128028,"action":"IDE_DEACTIVATED"}
{"ts":1699544203273,"action":"IDE_ACTIVATED"}
{"ts":1699544210261,"action":"IDE_DEACTIVATED"}
{"ts":1699544212768,"action":"IDE_ACTIVATED"}
{"ts":1699544220129,"action":"IDE_DEACTIVATED"}
{"ts":1699544246755,"action":"IDE_ACTIVATED"}
{"ts":1699544248449,"action":"FILE_CLOSED","file":"/app/src/main/AndroidManifest.xml","tags":{"FILE_LINE_OF_CODE":"40"}}
{"ts":1699544248548,"action":"PROJECT_CLOSED","tags":{"PROJECT_NAME":"Gensokyo Radio 3rd Eyes"}}
{"ts":1699544612600,"action":"FILE_OPENED","file":"/app/src/main/java/net/hearnsoft/gensokyoradio/trd/service/GRStreamPlayerService.java","tags":{"FILE_LINE_OF_CODE":"80"}}
{"ts":1699544615053,"action":"FILE_CLOSED","file":"/app/src/main/java/net/hearnsoft/gensokyoradio/trd/service/GRStreamPlayerService.java","tags":{"FILE_LINE_OF_CODE":"80"}}
{"ts":1699544615053,"action":"FILE_OPENED","file":"/app/src/main/AndroidManifest.xml","tags":{"FILE_LINE_OF_CODE":"40"}}
{"ts":1699544618546,"action":"PROJECT_OPENED","tags":{"PROJECT_NAME":"Gensokyo Radio 3rd Eyes"}}
{"ts":1699544631959,"action":"IDE_DEACTIVATED"}
{"ts":1699544638803,"action":"IDE_ACTIVATED"}
{"ts":1699544661340,"action":"FILE_CLOSED","file":"/app/src/main/AndroidManifest.xml","tags":{"FILE_LINE_OF_CODE":"40"}}
{"ts":1699544661340,"action":"FILE_OPENED","file":"/gradle.properties","tags":{"FILE_LINE_OF_CODE":"21"}}
{"ts":1699544668129,"action":"FILE_CLOSED","file":"/gradle.properties","tags":{"FILE_LINE_OF_CODE":"21"}}
{"ts":1699544706312,"action":"IDE_DEACTIVATED"}
{"ts":1699544715277,"action":"IDE_ACTIVATED"}
{"ts":1699544765742,"action":"IDE_DEACTIVATED"}
{"ts":1699544772063,"action":"IDE_ACTIVATED"}
{"ts":1699544781172,"action":"IDE_DEACTIVATED"}
{"ts":1699544782601,"action":"IDE_ACTIVATED"}
{"ts":1699544783119,"action":"IDE_DEACTIVATED"}
{"ts":1699544788072,"action":"IDE_ACTIVATED"}
{"ts":1699544805573,"action":"IDE_DEACTIVATED"}
{"ts":1699544852495,"action":"IDE_ACTIVATED"}
{"ts":1699544859191,"action":"FILE_OPENED","file":"/app/src/main/java/net/hearnsoft/gensokyoradio/trd/ws/GRWebSocketClient.java","tags":{"FILE_LINE_OF_CODE":"48"}}
{"ts":1699544870142,"action":"FILE_CLOSED","file":"/app/src/main/java/net/hearnsoft/gensokyoradio/trd/ws/GRWebSocketClient.java","tags":{"FILE_LINE_OF_CODE":"48"}}
{"ts":1699544870142,"action":"FILE_OPENED","file":"/app/src/main/java/net/hearnsoft/gensokyoradio/trd/service/WebSocketService.java","tags":{"FILE_LINE_OF_CODE":"366"}}
{"ts":1699544936176,"action":"FILE_CLOSED","file":"/app/src/main/java/net/hearnsoft/gensokyoradio/trd/service/WebSocketService.java","tags":{"FILE_LINE_OF_CODE":"366"}}
{"ts":1699544936177,"action":"FILE_OPENED","file":"/app/src/main/java/net/hearnsoft/gensokyoradio/trd/utils/Constants.java","tags":{"FILE_LINE_OF_CODE":"16"}}
{"ts":1699544941678,"action":"FILE_CLOSED","file":"/app/src/main/java/net/hearnsoft/gensokyoradio/trd/utils/Constants.java","tags":{"FILE_LINE_OF_CODE":"16"}}
{"ts":1699544941678,"action":"FILE_OPENED","file":"/app/src/main/java/net/hearnsoft/gensokyoradio/trd/beans/SocketClientBeans.java","tags":{"FILE_LINE_OF_CODE":"23"}}
{"ts":1699544943483,"action":"FILE_CLOSED","file":"/app/src/main/java/net/hearnsoft/gensokyoradio/trd/beans/SocketClientBeans.java","tags":{"FILE_LINE_OF_CODE":"23"}}
{"ts":1699544943483,"action":"FILE_OPENED","file":"/app/src/main/java/net/hearnsoft/gensokyoradio/trd/service/WebSocketService.java","tags":{"FILE_LINE_OF_CODE":"366"}}
{"ts":1699544965308,"action":"FILE_CLOSED","file":"/app/src/main/java/net/hearnsoft/gensokyoradio/trd/service/WebSocketService.java","tags":{"FILE_LINE_OF_CODE":"360"}}
{"ts":1699544965308,"action":"FILE_OPENED","file":"/app/src/main/java/net/hearnsoft/gensokyoradio/trd/utils/Constants.java","tags":{"FILE_LINE_OF_CODE":"16"}}
{"ts":1699545011471,"action":"IDE_DEACTIVATED"}
{"ts":1699545012185,"action":"IDE_ACTIVATED"}
{"ts":1699545017913,"action":"IDE_DEACTIVATED"}
{"ts":1699545018636,"action":"IDE_ACTIVATED"}
{"ts":1699545074534,"action":"IDE_DEACTIVATED"}
{"ts":1699545075258,"action":"IDE_ACTIVATED"}
{"ts":1699545079063,"action":"IDE_DEACTIVATED"}
{"ts":1699545084790,"action":"IDE_ACTIVATED"}
{"ts":1699545086328,"action":"IDE_DEACTIVATED"}
{"ts":1699545137157,"action":"IDE_ACTIVATED"}
{"ts":1699545138585,"action":"FILE_CLOSED","file":"/app/src/main/java/net/hearnsoft/gensokyoradio/trd/utils/Constants.java","tags":{"FILE_LINE_OF_CODE":"16"}}
{"ts":1699545138620,"action":"PROJECT_CLOSED","tags":{"PROJECT_NAME":"Gensokyo Radio 3rd Eyes"}}
{"ts":1699617601181,"action":"FILE_OPENED","file":"/app/src/main/AndroidManifest.xml","tags":{"FILE_LINE_OF_CODE":"40"}}
{"ts":1699617602268,"action":"FILE_CLOSED","file":"/app/src/main/AndroidManifest.xml","tags":{"FILE_LINE_OF_CODE":"40"}}
{"ts":1699617602268,"action":"FILE_OPENED","file":"/app/src/main/java/net/hearnsoft/gensokyoradio/trd/utils/Constants.java","tags":{"FILE_LINE_OF_CODE":"16"}}
{"ts":1699617604189,"action":"PROJECT_OPENED","tags":{"PROJECT_NAME":"Gensokyo Radio 3rd Eyes"}}
{"ts":1699618271116,"action":"IDE_DEACTIVATED"}
{"ts":1699618271333,"action":"IDE_ACTIVATED"}
{"ts":1699618271825,"action":"IDE_DEACTIVATED"}
{"ts":1699618280015,"action":"IDE_ACTIVATED"}
